# JRE version: OpenJDK Runtime Environment (11.0.15) (build 11.0.15+0-b2043.56-9505619)
# Java VM: OpenJDK 64-Bit Server VM (11.0.15+0-b2043.56-9505619, mixed mode, tiered, compressed oops, g1 gc, windows-amd64)
Heap:
 garbage-first heap   total 206848K, used 153065K [0x0000000080000000, 0x0000000100000000)
  region size 1024K, 36 young (36864K), 2 survivors (2048K)
 Metaspace       used 122640K, capacity 126746K, committed 127784K, reserved 1159168K
  class space    used 15367K, capacity 16873K, committed 17572K, reserved 1048576K
GC Heap History (20 events):
Event: 2211.731 GC heap before
{Heap before GC invocations=116 (full 0):
 garbage-first heap   total 206848K, used 142376K [0x0000000080000000, 0x0000000100000000)
  region size 1024K, 32 young (32768K), 2 survivors (2048K)
 Metaspace       used 121899K, capacity 126052K, committed 127272K, reserved 1159168K
  class space    used 15332K, capacity 16846K, committed 17572K, reserved 1048576K
}
Event: 2211.744 GC heap after
{Heap after GC invocations=117 (full 0):
 garbage-first heap   total 206848K, used 116598K [0x0000000080000000, 0x0000000100000000)
  region size 1024K, 5 young (5120K), 5 survivors (5120K)
 Metaspace       used 121899K, capacity 126052K, committed 127272K, reserved 1159168K
  class space    used 15332K, capacity 16846K, committed 17572K, reserved 1048576K
}
Event: 2212.709 GC heap before
{Heap before GC invocations=118 (full 0):
 garbage-first heap   total 206848K, used 161654K [0x0000000080000000, 0x0000000100000000)
  region size 1024K, 48 young (49152K), 5 survivors (5120K)
 Metaspace       used 121944K, capacity 126054K, committed 127272K, reserved 1159168K
  class space    used 15332K, capacity 16846K, committed 17572K, reserved 1048576K
}
Event: 2212.725 GC heap after
{Heap after GC invocations=119 (full 0):
 garbage-first heap   total 206848K, used 129344K [0x0000000080000000, 0x0000000100000000)
  region size 1024K, 6 young (6144K), 6 survivors (6144K)
 Metaspace       used 121944K, capacity 126054K, committed 127272K, reserved 1159168K
  class space    used 15332K, capacity 16846K, committed 17572K, reserved 1048576K
}
Event: 2212.826 GC heap before
{Heap before GC invocations=119 (full 0):
 garbage-first heap   total 206848K, used 133440K [0x0000000080000000, 0x0000000100000000)
  region size 1024K, 10 young (10240K), 6 survivors (6144K)
 Metaspace       used 121973K, capacity 126119K, committed 127272K, reserved 1159168K
  class space    used 15332K, capacity 16846K, committed 17572K, reserved 1048576K
}
Event: 2212.844 GC heap after
{Heap after GC invocations=120 (full 0):
 garbage-first heap   total 206848K, used 114124K [0x0000000080000000, 0x0000000100000000)
  region size 1024K, 1 young (1024K), 1 survivors (1024K)
 Metaspace       used 121973K, capacity 126119K, committed 127272K, reserved 1159168K
  class space    used 15332K, capacity 16846K, committed 17572K, reserved 1048576K
}
Event: 2213.227 GC heap before
{Heap before GC invocations=120 (full 0):
 garbage-first heap   total 206848K, used 139724K [0x0000000080000000, 0x0000000100000000)
  region size 1024K, 28 young (28672K), 1 survivors (1024K)
 Metaspace       used 122061K, capacity 126196K, committed 127272K, reserved 1159168K
  class space    used 15332K, capacity 16846K, committed 17572K, reserved 1048576K
}
Event: 2213.236 GC heap after
{Heap after GC invocations=121 (full 0):
 garbage-first heap   total 206848K, used 114956K [0x0000000080000000, 0x0000000100000000)
  region size 1024K, 2 young (2048K), 2 survivors (2048K)
 Metaspace       used 122061K, capacity 126196K, committed 127272K, reserved 1159168K
  class space    used 15332K, capacity 16846K, committed 17572K, reserved 1048576K
}
Event: 2738.100 GC heap before
{Heap before GC invocations=122 (full 0):
 garbage-first heap   total 206848K, used 175372K [0x0000000080000000, 0x0000000100000000)
  region size 1024K, 47 young (48128K), 2 survivors (2048K)
 Metaspace       used 122177K, capacity 126269K, committed 127528K, reserved 1159168K
  class space    used 15333K, capacity 16847K, committed 17572K, reserved 1048576K
}
Event: 2738.217 GC heap after
{Heap after GC invocations=123 (full 0):
 garbage-first heap   total 206848K, used 118510K [0x0000000080000000, 0x0000000100000000)
  region size 1024K, 6 young (6144K), 6 survivors (6144K)
 Metaspace       used 122177K, capacity 126269K, committed 127528K, reserved 1159168K
  class space    used 15333K, capacity 16847K, committed 17572K, reserved 1048576K
}
Event: 2738.515 GC heap before
{Heap before GC invocations=123 (full 0):
 garbage-first heap   total 206848K, used 122606K [0x0000000080000000, 0x0000000100000000)
  region size 1024K, 10 young (10240K), 6 survivors (6144K)
 Metaspace       used 122188K, capacity 126270K, committed 127528K, reserved 1159168K
  class space    used 15333K, capacity 16847K, committed 17572K, reserved 1048576K
}
Event: 2738.702 GC heap after
{Heap after GC invocations=124 (full 0):
 garbage-first heap   total 206848K, used 114174K [0x0000000080000000, 0x0000000100000000)
  region size 1024K, 2 young (2048K), 2 survivors (2048K)
 Metaspace       used 122188K, capacity 126270K, committed 127528K, reserved 1159168K
  class space    used 15333K, capacity 16847K, committed 17572K, reserved 1048576K
}
Event: 2739.803 GC heap before
{Heap before GC invocations=124 (full 0):
 garbage-first heap   total 206848K, used 143870K [0x0000000080000000, 0x0000000100000000)
  region size 1024K, 33 young (33792K), 2 survivors (2048K)
 Metaspace       used 122230K, capacity 126334K, committed 127528K, reserved 1159168K
  class space    used 15333K, capacity 16847K, committed 17572K, reserved 1048576K
}
Event: 2739.827 GC heap after
{Heap after GC invocations=125 (full 0):
 garbage-first heap   total 206848K, used 117559K [0x0000000080000000, 0x0000000100000000)
  region size 1024K, 5 young (5120K), 5 survivors (5120K)
 Metaspace       used 122230K, capacity 126334K, committed 127528K, reserved 1159168K
  class space    used 15333K, capacity 16847K, committed 17572K, reserved 1048576K
}
Event: 2741.526 GC heap before
{Heap before GC invocations=126 (full 0):
 garbage-first heap   total 206848K, used 166711K [0x0000000080000000, 0x0000000100000000)
  region size 1024K, 51 young (52224K), 5 survivors (5120K)
 Metaspace       used 122350K, capacity 126467K, committed 127528K, reserved 1159168K
  class space    used 15333K, capacity 16848K, committed 17572K, reserved 1048576K
}
Event: 2741.536 GC heap after
{Heap after GC invocations=127 (full 0):
 garbage-first heap   total 206848K, used 120527K [0x0000000080000000, 0x0000000100000000)
  region size 1024K, 2 young (2048K), 2 survivors (2048K)
 Metaspace       used 122350K, capacity 126467K, committed 127528K, reserved 1159168K
  class space    used 15333K, capacity 16848K, committed 17572K, reserved 1048576K
}
Event: 2741.582 GC heap before
{Heap before GC invocations=127 (full 0):
 garbage-first heap   total 206848K, used 127695K [0x0000000080000000, 0x0000000100000000)
  region size 1024K, 10 young (10240K), 2 survivors (2048K)
 Metaspace       used 122355K, capacity 126469K, committed 127528K, reserved 1159168K
  class space    used 15333K, capacity 16848K, committed 17572K, reserved 1048576K
}
Event: 2741.602 GC heap after
{Heap after GC invocations=128 (full 0):
 garbage-first heap   total 206848K, used 103159K [0x0000000080000000, 0x0000000100000000)
  region size 1024K, 1 young (1024K), 1 survivors (1024K)
 Metaspace       used 122355K, capacity 126469K, committed 127528K, reserved 1159168K
  class space    used 15333K, capacity 16848K, committed 17572K, reserved 1048576K
}
Event: 2741.980 GC heap before
{Heap before GC invocations=128 (full 0):
 garbage-first heap   total 206848K, used 120567K [0x0000000080000000, 0x0000000100000000)
  region size 1024K, 20 young (20480K), 1 survivors (1024K)
 Metaspace       used 122421K, capacity 126573K, committed 127784K, reserved 1159168K
  class space    used 15337K, capacity 16854K, committed 17572K, reserved 1048576K
}
Event: 2741.987 GC heap after
{Heap after GC invocations=129 (full 0):
 garbage-first heap   total 206848K, used 103913K [0x0000000080000000, 0x0000000100000000)
  region size 1024K, 2 young (2048K), 2 survivors (2048K)
 Metaspace       used 122421K, capacity 126573K, committed 127784K, reserved 1159168K
  class space    used 15337K, capacity 16854K, committed 17572K, reserved 1048576K
}

